#
# A fatal error has been detected by the Java Runtime Environment:
#
#  Internal Error (javaClasses.cpp:139), pid=28546, tid=140113241216768
#  fatal error: Invalid layout of preloaded class
#
# JRE version:  (7.0_65-b32) (build )
# Java VM: OpenJDK 64-Bit Server VM (24.65-b04 mixed mode linux-amd64 compressed oops)
# Derivative: IcedTea 2.5.2
# Distribution: Ubuntu 14.04 LTS, package 7u65-2.5.2-3~14.04
# Failed to write core dump. Core dumps have been disabled. To enable core dumping, try "ulimit -c unlimited" before starting Java again
#
# If you would like to submit a bug report, please include
# instructions on how to reproduce the bug and visit:
#   http://icedtea.classpath.org/bugzilla
#

---------------  T H R E A D  ---------------

Current thread (0x00007f6ea000a000):  JavaThread "Unknown thread" [_thread_in_vm, id=28549, stack(0x00007f6ea7e89000,0x00007f6ea7f8a000)]

Stack: [0x00007f6ea7e89000,0x00007f6ea7f8a000],  sp=0x00007f6ea7f88900,  free space=1022k
Native frames: (J=compiled Java code, j=interpreted, Vv=VM code, C=native code)
V  [libjvm.so+0x9486a5]  VMError::report_and_die()+0x175
V  [libjvm.so+0x48b874]  report_fatal(char const*, int, char const*)+0x54
V  [libjvm.so+0x5e89b0]  compute_offset(int&, klassOopDesc*, Symbol*, Symbol*, bool) [clone .constprop.120]+0xc0
V  [libjvm.so+0x5e8a86]  java_lang_String::compute_offsets()+0x36
V  [libjvm.so+0x8ce28c]  SystemDictionary::initialize_preloaded_classes(Thread*)+0xcc
V  [libjvm.so+0x919b78]  Universe::genesis(Thread*)+0x468
V  [libjvm.so+0x91a184]  universe2_init()+0x24
V  [libjvm.so+0x59cf6a]  init_globals()+0x9a
V  [libjvm.so+0x8fcf5f]  Threads::create_vm(JavaVMInitArgs*, bool*)+0x35f
V  [libjvm.so+0x608284]  JNI_CreateJavaVM+0x54
C  [libjli.so+0x2b48]


---------------  P R O C E S S  ---------------

Java Threads: ( => current thread )

Other Threads:

=>0x00007f6ea000a000 (exited) JavaThread "Unknown thread" [_thread_in_vm, id=28549, stack(0x00007f6ea7e89000,0x00007f6ea7f8a000)]

VM state:not at safepoint (not fully initialized)

VM Mutex/Monitor currently owned by a thread: None

GC Heap History (0 events):
No events

Deoptimization events (0 events):
No events

Internal exceptions (0 events):
No events

Events (10 events):
Event: 0.010 loading class 0x00007f6ea42646f0 done
Event: 0.011 loading class 0x00007f6ea4264110 done
Event: 0.011 loading class 0x00007f6ea42640f0
Event: 0.011 loading class 0x00007f6ea426c1c0
Event: 0.011 loading class 0x00007f6ea426c1c0 done
Event: 0.011 loading class 0x00007f6ea426c1f0
Event: 0.011 loading class 0x00007f6ea426c1f0 done
Event: 0.011 loading class 0x00007f6ea426c220
Event: 0.011 loading class 0x00007f6ea426c220 done
Event: 0.011 loading class 0x00007f6ea42640f0 done


Dynamic libraries:
00400000-00401000 r-xp 00000000 08:05 4195850                            /usr/lib/jvm/java-7-openjdk-amd64/jre/bin/java
00600000-00601000 r--p 00000000 08:05 4195850                            /usr/lib/jvm/java-7-openjdk-amd64/jre/bin/java
00601000-00602000 rw-p 00001000 08:05 4195850                            /usr/lib/jvm/java-7-openjdk-amd64/jre/bin/java
016c6000-016e7000 rw-p 00000000 00:00 0                                  [heap]
bae00000-bc300000 rw-p 00000000 00:00 0 
bc300000-c5400000 rw-p 00000000 00:00 0 
c5400000-c7b00000 rw-p 00000000 00:00 0 
c7b00000-ec680000 rw-p 00000000 00:00 0 
ec680000-eda80000 rw-p 00000000 00:00 0 
eda80000-100000000 rw-p 00000000 00:00 0 
7f6e8c000000-7f6e8c021000 rw-p 00000000 00:00 0 
7f6e8c021000-7f6e90000000 ---p 00000000 00:00 0 
7f6e94000000-7f6e94021000 rw-p 00000000 00:00 0 
7f6e94021000-7f6e98000000 ---p 00000000 00:00 0 
7f6e9ab36000-7f6e9d000000 rw-p 00000000 00:00 0 
7f6e9d000000-7f6e9d270000 rwxp 00000000 00:00 0 
7f6e9d270000-7f6ea0053000 rw-p 00000000 00:00 0 
7f6ea0053000-7f6ea4000000 ---p 00000000 00:00 0 
7f6ea40cd000-7f6ea40f8000 rw-p 00000000 00:00 0 
7f6ea40f8000-7f6ea41ee000 r--s 017aa000 08:05 3817190                    /home/nikola/Android/sdk/platforms/android-21/android.jar
7f6ea41ee000-7f6ea4510000 rw-p 00000000 00:00 0 
7f6ea4510000-7f6ea4511000 ---p 00000000 00:00 0 
7f6ea4511000-7f6ea4611000 rw-p 00000000 00:00 0                          [stack:28553]
7f6ea4611000-7f6ea4612000 ---p 00000000 00:00 0 
7f6ea4612000-7f6ea471d000 rw-p 00000000 00:00 0                          [stack:28551]
7f6ea471d000-7f6ea4765000 rw-p 00000000 00:00 0 
7f6ea4765000-7f6ea4779000 rw-p 00000000 00:00 0 
7f6ea4779000-7f6ea489f000 rw-p 00000000 00:00 0 
7f6ea489f000-7f6ea48aa000 rw-p 00000000 00:00 0 
7f6ea48aa000-7f6ea48f2000 rw-p 00000000 00:00 0 
7f6ea48f2000-7f6ea4906000 rw-p 00000000 00:00 0 
7f6ea4906000-7f6ea4a2b000 rw-p 00000000 00:00 0 
7f6ea4a2b000-7f6ea4a36000 rw-p 00000000 00:00 0 
7f6ea4a36000-7f6ea4ac8000 rw-p 00000000 00:00 0 
7f6ea4ac8000-7f6ea4ac9000 rw-p 00000000 00:00 0 
7f6ea4ac9000-7f6ea4ad1000 r-xp 00000000 08:05 4195789                    /usr/lib/jvm/java-7-openjdk-amd64/jre/lib/amd64/libzip.so
7f6ea4ad1000-7f6ea4cd0000 ---p 00008000 08:05 4195789                    /usr/lib/jvm/java-7-openjdk-amd64/jre/lib/amd64/libzip.so
7f6ea4cd0000-7f6ea4cd1000 r--p 00007000 08:05 4195789                    /usr/lib/jvm/java-7-openjdk-amd64/jre/lib/amd64/libzip.so
7f6ea4cd1000-7f6ea4cd2000 rw-p 00008000 08:05 4195789                    /usr/lib/jvm/java-7-openjdk-amd64/jre/lib/amd64/libzip.so
7f6ea4cd2000-7f6ea4cdd000 r-xp 00000000 08:05 2890449                    /lib/x86_64-linux-gnu/libnss_files-2.19.so
7f6ea4cdd000-7f6ea4edc000 ---p 0000b000 08:05 2890449                    /lib/x86_64-linux-gnu/libnss_files-2.19.so
7f6ea4edc000-7f6ea4edd000 r--p 0000a000 08:05 2890449                    /lib/x86_64-linux-gnu/libnss_files-2.19.so
7f6ea4edd000-7f6ea4ede000 rw-p 0000b000 08:05 2890449                    /lib/x86_64-linux-gnu/libnss_files-2.19.so
7f6ea4ede000-7f6ea4ee9000 r-xp 00000000 08:05 2890450                    /lib/x86_64-linux-gnu/libnss_nis-2.19.so
7f6ea4ee9000-7f6ea50e8000 ---p 0000b000 08:05 2890450                    /lib/x86_64-linux-gnu/libnss_nis-2.19.so
7f6ea50e8000-7f6ea50e9000 r--p 0000a000 08:05 2890450                    /lib/x86_64-linux-gnu/libnss_nis-2.19.so
7f6ea50e9000-7f6ea50ea000 rw-p 0000b000 08:05 2890450                    /lib/x86_64-linux-gnu/libnss_nis-2.19.so
7f6ea50ea000-7f6ea5101000 r-xp 00000000 08:05 2890436                    /lib/x86_64-linux-gnu/libnsl-2.19.so
7f6ea5101000-7f6ea5300000 ---p 00017000 08:05 2890436                    /lib/x86_64-linux-gnu/libnsl-2.19.so
7f6ea5300000-7f6ea5301000 r--p 00016000 08:05 2890436                    /lib/x86_64-linux-gnu/libnsl-2.19.so
7f6ea5301000-7f6ea5302000 rw-p 00017000 08:05 2890436                    /lib/x86_64-linux-gnu/libnsl-2.19.so
7f6ea5302000-7f6ea5304000 rw-p 00000000 00:00 0 
7f6ea5304000-7f6ea530d000 r-xp 00000000 08:05 2888715                    /lib/x86_64-linux-gnu/libnss_compat-2.19.so
7f6ea530d000-7f6ea550c000 ---p 00009000 08:05 2888715                    /lib/x86_64-linux-gnu/libnss_compat-2.19.so
7f6ea550c000-7f6ea550d000 r--p 00008000 08:05 2888715                    /lib/x86_64-linux-gnu/libnss_compat-2.19.so
7f6ea550d000-7f6ea550e000 rw-p 00009000 08:05 2888715                    /lib/x86_64-linux-gnu/libnss_compat-2.19.so
7f6ea550e000-7f6ea5539000 r-xp 00000000 08:05 4195788                    /usr/lib/jvm/java-7-openjdk-amd64/jre/lib/amd64/libjava.so
7f6ea5539000-7f6ea5739000 ---p 0002b000 08:05 4195788                    /usr/lib/jvm/java-7-openjdk-amd64/jre/lib/amd64/libjava.so
7f6ea5739000-7f6ea573a000 r--p 0002b000 08:05 4195788                    /usr/lib/jvm/java-7-openjdk-amd64/jre/lib/amd64/libjava.so
7f6ea573a000-7f6ea573c000 rw-p 0002c000 08:05 4195788                    /usr/lib/jvm/java-7-openjdk-amd64/jre/lib/amd64/libjava.so
7f6ea573c000-7f6ea574c000 r-xp 00000000 08:05 4195815                    /usr/lib/jvm/java-7-openjdk-amd64/jre/lib/amd64/libverify.so
7f6ea574c000-7f6ea594b000 ---p 00010000 08:05 4195815                    /usr/lib/jvm/java-7-openjdk-amd64/jre/lib/amd64/libverify.so
7f6ea594b000-7f6ea594d000 r--p 0000f000 08:05 4195815                    /usr/lib/jvm/java-7-openjdk-amd64/jre/lib/amd64/libverify.so
7f6ea594d000-7f6ea594e000 rw-p 00011000 08:05 4195815                    /usr/lib/jvm/java-7-openjdk-amd64/jre/lib/amd64/libverify.so
7f6ea594e000-7f6ea5955000 r-xp 00000000 08:05 2890438                    /lib/x86_64-linux-gnu/librt-2.19.so
7f6ea5955000-7f6ea5b54000 ---p 00007000 08:05 2890438                    /lib/x86_64-linux-gnu/librt-2.19.so
7f6ea5b54000-7f6ea5b55000 r--p 00006000 08:05 2890438                    /lib/x86_64-linux-gnu/librt-2.19.so
7f6ea5b55000-7f6ea5b56000 rw-p 00007000 08:05 2890438                    /lib/x86_64-linux-gnu/librt-2.19.so
7f6ea5b56000-7f6ea5b6c000 r-xp 00000000 08:05 2887592                    /lib/x86_64-linux-gnu/libgcc_s.so.1
7f6ea5b6c000-7f6ea5d6b000 ---p 00016000 08:05 2887592                    /lib/x86_64-linux-gnu/libgcc_s.so.1
7f6ea5d6b000-7f6ea5d6c000 rw-p 00015000 08:05 2887592                    /lib/x86_64-linux-gnu/libgcc_s.so.1
7f6ea5d6c000-7f6ea5e71000 r-xp 00000000 08:05 2890445                    /lib/x86_64-linux-gnu/libm-2.19.so
7f6ea5e71000-7f6ea6070000 ---p 00105000 08:05 2890445                    /lib/x86_64-linux-gnu/libm-2.19.so
7f6ea6070000-7f6ea6071000 r--p 00104000 08:05 2890445                    /lib/x86_64-linux-gnu/libm-2.19.so
7f6ea6071000-7f6ea6072000 rw-p 00105000 08:05 2890445                    /lib/x86_64-linux-gnu/libm-2.19.so
7f6ea6072000-7f6ea6158000 r-xp 00000000 08:05 1319888                    /usr/lib/x86_64-linux-gnu/libstdc++.so.6.0.19
7f6ea6158000-7f6ea6357000 ---p 000e6000 08:05 1319888                    /usr/lib/x86_64-linux-gnu/libstdc++.so.6.0.19
7f6ea6357000-7f6ea635f000 r--p 000e5000 08:05 1319888                    /usr/lib/x86_64-linux-gnu/libstdc++.so.6.0.19
7f6ea635f000-7f6ea6361000 rw-p 000ed000 08:05 1319888                    /usr/lib/x86_64-linux-gnu/libstdc++.so.6.0.19
7f6ea6361000-7f6ea6376000 rw-p 00000000 00:00 0 
7f6ea6376000-7f6ea6e8c000 r-xp 00000000 08:05 4195805                    /usr/lib/jvm/java-7-openjdk-amd64/jre/lib/amd64/server/libjvm.so
7f6ea6e8c000-7f6ea708b000 ---p 00b16000 08:05 4195805                    /usr/lib/jvm/java-7-openjdk-amd64/jre/lib/amd64/server/libjvm.so
7f6ea708b000-7f6ea7125000 r--p 00b15000 08:05 4195805                    /usr/lib/jvm/java-7-openjdk-amd64/jre/lib/amd64/server/libjvm.so
7f6ea7125000-7f6ea7148000 rw-p 00baf000 08:05 4195805                    /usr/lib/jvm/java-7-openjdk-amd64/jre/lib/amd64/server/libjvm.so
7f6ea7148000-7f6ea7176000 rw-p 00000000 00:00 0 
7f6ea7176000-7f6ea718e000 r-xp 00000000 08:05 2887778                    /lib/x86_64-linux-gnu/libz.so.1.2.8
7f6ea718e000-7f6ea738d000 ---p 00018000 08:05 2887778                    /lib/x86_64-linux-gnu/libz.so.1.2.8
7f6ea738d000-7f6ea738e000 r--p 00017000 08:05 2887778                    /lib/x86_64-linux-gnu/libz.so.1.2.8
7f6ea738e000-7f6ea738f000 rw-p 00018000 08:05 2887778                    /lib/x86_64-linux-gnu/libz.so.1.2.8
7f6ea738f000-7f6ea73a8000 r-xp 00000000 08:05 2890455                    /lib/x86_64-linux-gnu/libpthread-2.19.so
7f6ea73a8000-7f6ea75a7000 ---p 00019000 08:05 2890455                    /lib/x86_64-linux-gnu/libpthread-2.19.so
7f6ea75a7000-7f6ea75a8000 r--p 00018000 08:05 2890455                    /lib/x86_64-linux-gnu/libpthread-2.19.so
7f6ea75a8000-7f6ea75a9000 rw-p 00019000 08:05 2890455                    /lib/x86_64-linux-gnu/libpthread-2.19.so
7f6ea75a9000-7f6ea75ad000 rw-p 00000000 00:00 0 
7f6ea75ad000-7f6ea75b0000 r-xp 00000000 08:05 2890454                    /lib/x86_64-linux-gnu/libdl-2.19.so
7f6ea75b0000-7f6ea77af000 ---p 00003000 08:05 2890454                    /lib/x86_64-linux-gnu/libdl-2.19.so
7f6ea77af000-7f6ea77b0000 r--p 00002000 08:05 2890454                    /lib/x86_64-linux-gnu/libdl-2.19.so
7f6ea77b0000-7f6ea77b1000 rw-p 00003000 08:05 2890454                    /lib/x86_64-linux-gnu/libdl-2.19.so
7f6ea77b1000-7f6ea796c000 r-xp 00000000 08:05 2890442                    /lib/x86_64-linux-gnu/libc-2.19.so
7f6ea796c000-7f6ea7b6c000 ---p 001bb000 08:05 2890442                    /lib/x86_64-linux-gnu/libc-2.19.so
7f6ea7b6c000-7f6ea7b70000 r--p 001bb000 08:05 2890442                    /lib/x86_64-linux-gnu/libc-2.19.so
7f6ea7b70000-7f6ea7b72000 rw-p 001bf000 08:05 2890442                    /lib/x86_64-linux-gnu/libc-2.19.so
7f6ea7b72000-7f6ea7b77000 rw-p 00000000 00:00 0 
7f6ea7b77000-7f6ea7b84000 r-xp 00000000 08:05 4195819                    /usr/lib/jvm/java-7-openjdk-amd64/jre/lib/amd64/jli/libjli.so
7f6ea7b84000-7f6ea7d83000 ---p 0000d000 08:05 4195819                    /usr/lib/jvm/java-7-openjdk-amd64/jre/lib/amd64/jli/libjli.so
7f6ea7d83000-7f6ea7d84000 r--p 0000c000 08:05 4195819                    /usr/lib/jvm/java-7-openjdk-amd64/jre/lib/amd64/jli/libjli.so
7f6ea7d84000-7f6ea7d85000 rw-p 0000d000 08:05 4195819                    /usr/lib/jvm/java-7-openjdk-amd64/jre/lib/amd64/jli/libjli.so
7f6ea7d85000-7f6ea7da8000 r-xp 00000000 08:05 2890443                    /lib/x86_64-linux-gnu/ld-2.19.so
7f6ea7db3000-7f6ea7dd3000 rw-p 00000000 00:00 0 
7f6ea7dd3000-7f6ea7e89000 rw-p 00000000 00:00 0 
7f6ea7e89000-7f6ea7e8c000 ---p 00000000 00:00 0 
7f6ea7e8c000-7f6ea7f8f000 rw-p 00000000 00:00 0                          [stack:28549]
7f6ea7f99000-7f6ea7f9b000 rw-p 00000000 00:00 0 
7f6ea7f9b000-7f6ea7fa3000 rw-s 00000000 08:05 4328767                    /tmp/hsperfdata_nikola/28546
7f6ea7fa3000-7f6ea7fa4000 rw-p 00000000 00:00 0 
7f6ea7fa4000-7f6ea7fa5000 r--p 00000000 00:00 0 
7f6ea7fa5000-7f6ea7fa7000 rw-p 00000000 00:00 0 
7f6ea7fa7000-7f6ea7fa8000 r--p 00022000 08:05 2890443                    /lib/x86_64-linux-gnu/ld-2.19.so
7f6ea7fa8000-7f6ea7fa9000 rw-p 00023000 08:05 2890443                    /lib/x86_64-linux-gnu/ld-2.19.so
7f6ea7fa9000-7f6ea7faa000 rw-p 00000000 00:00 0 
7fff37d70000-7fff37d91000 rw-p 00000000 00:00 0                          [stack]
7fff37dfe000-7fff37e00000 r-xp 00000000 00:00 0                          [vdso]
ffffffffff600000-ffffffffff601000 r-xp 00000000 00:00 0                  [vsyscall]

VM Arguments:
jvm_args: -Dfile.encoding=UTF-8 -Xbootclasspath:/home/nikola/Android/sdk/platforms/android-21/android.jar 
java_command: Server
Launcher Type: SUN_STANDARD

Environment Variables:
PATH=/home/nikola/scripts:/home/nikola/bin:/usr/local/sbin:/usr/local/bin:/usr/sbin:/usr/bin:/sbin:/bin:/usr/games:/usr/local/games
SHELL=/bin/bash
DISPLAY=:0.0

Signal Handlers:
SIGSEGV: [libjvm.so+0x949180], sa_mask[0]=0x7ffbfeff, sa_flags=0x10000004
SIGBUS: [libjvm.so+0x949180], sa_mask[0]=0x7ffbfeff, sa_flags=0x10000004
SIGFPE: [libjvm.so+0x7c2ec0], sa_mask[0]=0x7ffbfeff, sa_flags=0x10000004
SIGPIPE: [libjvm.so+0x7c2ec0], sa_mask[0]=0x7ffbfeff, sa_flags=0x10000004
SIGXFSZ: [libjvm.so+0x7c2ec0], sa_mask[0]=0x7ffbfeff, sa_flags=0x10000004
SIGILL: [libjvm.so+0x7c2ec0], sa_mask[0]=0x7ffbfeff, sa_flags=0x10000004
SIGUSR1: SIG_DFL, sa_mask[0]=0x00000000, sa_flags=0x00000000
SIGUSR2: [libjvm.so+0x7c2d60], sa_mask[0]=0x00000004, sa_flags=0x10000004
SIGHUP: SIG_DFL, sa_mask[0]=0x00000000, sa_flags=0x00000000
SIGINT: SIG_DFL, sa_mask[0]=0x00000000, sa_flags=0x00000000
SIGTERM: SIG_DFL, sa_mask[0]=0x00000000, sa_flags=0x00000000
SIGQUIT: SIG_DFL, sa_mask[0]=0x00000000, sa_flags=0x00000000
SIGTRAP: SIG_DFL, sa_mask[0]=0x00000000, sa_flags=0x00000000


---------------  S Y S T E M  ---------------

OS:Ubuntu 14.04 (trusty)
uname:Linux 3.13.0-36-generic #63-Ubuntu SMP Wed Sep 3 21:30:07 UTC 2014 x86_64
libc:glibc 2.19 NPTL 2.19 
rlimit: STACK 8192k, CORE 0k, NPROC 29867, NOFILE 4096, AS infinity
load average:1.62 1.34 1.10

/proc/meminfo:
MemTotal:        3844624 kB
MemFree:          290148 kB
Buffers:           71032 kB
Cached:          1048772 kB
SwapCached:        10528 kB
Active:          2112064 kB
Inactive:        1195056 kB
Active(anon):    1770928 kB
Inactive(anon):   859096 kB
Active(file):     341136 kB
Inactive(file):   335960 kB
Unevictable:           0 kB
Mlocked:               0 kB
SwapTotal:       3986428 kB
SwapFree:        3902808 kB
Dirty:              2328 kB
Writeback:             0 kB
AnonPages:       2179680 kB
Mapped:           276332 kB
Shmem:            442560 kB
Slab:             148968 kB
SReclaimable:     117564 kB
SUnreclaim:        31404 kB
KernelStack:        3656 kB
PageTables:        35544 kB
NFS_Unstable:          0 kB
Bounce:                0 kB
WritebackTmp:          0 kB
CommitLimit:     5908740 kB
Committed_AS:    5748636 kB
VmallocTotal:   34359738367 kB
VmallocUsed:      545508 kB
VmallocChunk:   34359185664 kB
HardwareCorrupted:     0 kB
AnonHugePages:    937984 kB
HugePages_Total:       0
HugePages_Free:        0
HugePages_Rsvd:        0
HugePages_Surp:        0
Hugepagesize:       2048 kB
DirectMap4k:       68700 kB
DirectMap2M:     3919872 kB


CPU:total 2 (2 cores per cpu, 1 threads per core) family 6 model 37 stepping 5, cmov, cx8, fxsr, mmx, sse, sse2, sse3, ssse3, popcnt, tsc, tscinvbit

/proc/cpuinfo:
processor	: 0
vendor_id	: GenuineIntel
cpu family	: 6
model		: 37
model name	: Intel(R) Pentium(R) CPU        P6200  @ 2.13GHz
stepping	: 5
microcode	: 0x2
cpu MHz		: 2128.000
cache size	: 3072 KB
physical id	: 0
siblings	: 2
core id		: 0
cpu cores	: 2
apicid		: 0
initial apicid	: 0
fpu		: yes
fpu_exception	: yes
cpuid level	: 11
wp		: yes
flags		: fpu vme de pse tsc msr pae mce cx8 apic sep mtrr pge mca cmov pat pse36 clflush dts acpi mmx fxsr sse sse2 ss ht tm pbe syscall nx rdtscp lm constant_tsc arch_perfmon pebs bts rep_good nopl xtopology nonstop_tsc aperfmperf pni dtes64 monitor ds_cpl est tm2 ssse3 cx16 xtpr pdcm pcid popcnt lahf_lm arat dtherm
bogomips	: 4255.98
clflush size	: 64
cache_alignment	: 64
address sizes	: 36 bits physical, 48 bits virtual
power management:

processor	: 1
vendor_id	: GenuineIntel
cpu family	: 6
model		: 37
model name	: Intel(R) Pentium(R) CPU        P6200  @ 2.13GHz
stepping	: 5
microcode	: 0x2
cpu MHz		: 2128.000
cache size	: 3072 KB
physical id	: 0
siblings	: 2
core id		: 2
cpu cores	: 2
apicid		: 4
initial apicid	: 4
fpu		: yes
fpu_exception	: yes
cpuid level	: 11
wp		: yes
flags		: fpu vme de pse tsc msr pae mce cx8 apic sep mtrr pge mca cmov pat pse36 clflush dts acpi mmx fxsr sse sse2 ss ht tm pbe syscall nx rdtscp lm constant_tsc arch_perfmon pebs bts rep_good nopl xtopology nonstop_tsc aperfmperf pni dtes64 monitor ds_cpl est tm2 ssse3 cx16 xtpr pdcm pcid popcnt lahf_lm arat dtherm
bogomips	: 4255.98
clflush size	: 64
cache_alignment	: 64
address sizes	: 36 bits physical, 48 bits virtual
power management:



Memory: 4k page, physical 3844624k(290148k free), swap 3986428k(3902808k free)

vm_info: OpenJDK 64-Bit Server VM (24.65-b04) for linux-amd64 JRE (1.7.0_65-b32), built on Sep 10 2014 05:56:05 by "buildd" with gcc 4.8.2

time: Tue Mar  3 13:14:39 2015
elapsed time: 0 seconds

