#
# A fatal error has been detected by the Java Runtime Environment:
#
#  Internal Error (javaClasses.cpp:139), pid=28558, tid=139887091185408
#  fatal error: Invalid layout of preloaded class
#
# JRE version:  (7.0_65-b32) (build )
# Java VM: OpenJDK 64-Bit Server VM (24.65-b04 mixed mode linux-amd64 compressed oops)
# Derivative: IcedTea 2.5.2
# Distribution: Ubuntu 14.04 LTS, package 7u65-2.5.2-3~14.04
# Failed to write core dump. Core dumps have been disabled. To enable core dumping, try "ulimit -c unlimited" before starting Java again
#
# If you would like to submit a bug report, please include
# instructions on how to reproduce the bug and visit:
#   http://icedtea.classpath.org/bugzilla
#

---------------  T H R E A D  ---------------

Current thread (0x00007f39f800a000):  JavaThread "Unknown thread" [_thread_in_vm, id=28561, stack(0x00007f3a0050f000,0x00007f3a00610000)]

Stack: [0x00007f3a0050f000,0x00007f3a00610000],  sp=0x00007f3a0060e900,  free space=1022k
Native frames: (J=compiled Java code, j=interpreted, Vv=VM code, C=native code)
V  [libjvm.so+0x9486a5]  VMError::report_and_die()+0x175
V  [libjvm.so+0x48b874]  report_fatal(char const*, int, char const*)+0x54
V  [libjvm.so+0x5e89b0]  compute_offset(int&, klassOopDesc*, Symbol*, Symbol*, bool) [clone .constprop.120]+0xc0
V  [libjvm.so+0x5e8a86]  java_lang_String::compute_offsets()+0x36
V  [libjvm.so+0x8ce28c]  SystemDictionary::initialize_preloaded_classes(Thread*)+0xcc
V  [libjvm.so+0x919b78]  Universe::genesis(Thread*)+0x468
V  [libjvm.so+0x91a184]  universe2_init()+0x24
V  [libjvm.so+0x59cf6a]  init_globals()+0x9a
V  [libjvm.so+0x8fcf5f]  Threads::create_vm(JavaVMInitArgs*, bool*)+0x35f
V  [libjvm.so+0x608284]  JNI_CreateJavaVM+0x54
C  [libjli.so+0x2b48]


---------------  P R O C E S S  ---------------

Java Threads: ( => current thread )

Other Threads:

=>0x00007f39f800a000 (exited) JavaThread "Unknown thread" [_thread_in_vm, id=28561, stack(0x00007f3a0050f000,0x00007f3a00610000)]

VM state:not at safepoint (not fully initialized)

VM Mutex/Monitor currently owned by a thread: None

GC Heap History (0 events):
No events

Deoptimization events (0 events):
No events

Internal exceptions (0 events):
No events

Events (10 events):
Event: 0.034 loading class 0x00007f39fc8ea6f0 done
Event: 0.034 loading class 0x00007f39fc8ea110 done
Event: 0.034 loading class 0x00007f39fc8ea0f0
Event: 0.034 loading class 0x00007f39fc8f21c0
Event: 0.034 loading class 0x00007f39fc8f21c0 done
Event: 0.034 loading class 0x00007f39fc8f21f0
Event: 0.034 loading class 0x00007f39fc8f21f0 done
Event: 0.034 loading class 0x00007f39fc8f2220
Event: 0.034 loading class 0x00007f39fc8f2220 done
Event: 0.034 loading class 0x00007f39fc8ea0f0 done


Dynamic libraries:
00400000-00401000 r-xp 00000000 08:05 4195850                            /usr/lib/jvm/java-7-openjdk-amd64/jre/bin/java
00600000-00601000 r--p 00000000 08:05 4195850                            /usr/lib/jvm/java-7-openjdk-amd64/jre/bin/java
00601000-00602000 rw-p 00001000 08:05 4195850                            /usr/lib/jvm/java-7-openjdk-amd64/jre/bin/java
01b2b000-01b4c000 rw-p 00000000 00:00 0                                  [heap]
bae00000-bc300000 rw-p 00000000 00:00 0 
bc300000-c5400000 rw-p 00000000 00:00 0 
c5400000-c7b00000 rw-p 00000000 00:00 0 
c7b00000-ec680000 rw-p 00000000 00:00 0 
ec680000-eda80000 rw-p 00000000 00:00 0 
eda80000-100000000 rw-p 00000000 00:00 0 
7f39e4000000-7f39e4021000 rw-p 00000000 00:00 0 
7f39e4021000-7f39e8000000 ---p 00000000 00:00 0 
7f39ec000000-7f39ec021000 rw-p 00000000 00:00 0 
7f39ec021000-7f39f0000000 ---p 00000000 00:00 0 
7f39f2d70000-7f39f5000000 rw-p 00000000 00:00 0 
7f39f5000000-7f39f5270000 rwxp 00000000 00:00 0 
7f39f5270000-7f39f8053000 rw-p 00000000 00:00 0 
7f39f8053000-7f39fc000000 ---p 00000000 00:00 0 
7f39fc519000-7f39fc77e000 rw-p 00000000 00:00 0 
7f39fc77e000-7f39fc874000 r--s 017aa000 08:05 3817190                    /home/nikola/Android/sdk/platforms/android-21/android.jar
7f39fc874000-7f39fcb96000 rw-p 00000000 00:00 0 
7f39fcb96000-7f39fcb97000 ---p 00000000 00:00 0 
7f39fcb97000-7f39fcc97000 rw-p 00000000 00:00 0                          [stack:28565]
7f39fcc97000-7f39fcc98000 ---p 00000000 00:00 0 
7f39fcc98000-7f39fcda3000 rw-p 00000000 00:00 0                          [stack:28564]
7f39fcda3000-7f39fcdeb000 rw-p 00000000 00:00 0 
7f39fcdeb000-7f39fcdff000 rw-p 00000000 00:00 0 
7f39fcdff000-7f39fcf25000 rw-p 00000000 00:00 0 
7f39fcf25000-7f39fcf30000 rw-p 00000000 00:00 0 
7f39fcf30000-7f39fcf78000 rw-p 00000000 00:00 0 
7f39fcf78000-7f39fcf8c000 rw-p 00000000 00:00 0 
7f39fcf8c000-7f39fd0b1000 rw-p 00000000 00:00 0 
7f39fd0b1000-7f39fd0bc000 rw-p 00000000 00:00 0 
7f39fd0bc000-7f39fd14e000 rw-p 00000000 00:00 0 
7f39fd14e000-7f39fd14f000 rw-p 00000000 00:00 0 
7f39fd14f000-7f39fd157000 r-xp 00000000 08:05 4195789                    /usr/lib/jvm/java-7-openjdk-amd64/jre/lib/amd64/libzip.so
7f39fd157000-7f39fd356000 ---p 00008000 08:05 4195789                    /usr/lib/jvm/java-7-openjdk-amd64/jre/lib/amd64/libzip.so
7f39fd356000-7f39fd357000 r--p 00007000 08:05 4195789                    /usr/lib/jvm/java-7-openjdk-amd64/jre/lib/amd64/libzip.so
7f39fd357000-7f39fd358000 rw-p 00008000 08:05 4195789                    /usr/lib/jvm/java-7-openjdk-amd64/jre/lib/amd64/libzip.so
7f39fd358000-7f39fd363000 r-xp 00000000 08:05 2890449                    /lib/x86_64-linux-gnu/libnss_files-2.19.so
7f39fd363000-7f39fd562000 ---p 0000b000 08:05 2890449                    /lib/x86_64-linux-gnu/libnss_files-2.19.so
7f39fd562000-7f39fd563000 r--p 0000a000 08:05 2890449                    /lib/x86_64-linux-gnu/libnss_files-2.19.so
7f39fd563000-7f39fd564000 rw-p 0000b000 08:05 2890449                    /lib/x86_64-linux-gnu/libnss_files-2.19.so
7f39fd564000-7f39fd56f000 r-xp 00000000 08:05 2890450                    /lib/x86_64-linux-gnu/libnss_nis-2.19.so
7f39fd56f000-7f39fd76e000 ---p 0000b000 08:05 2890450                    /lib/x86_64-linux-gnu/libnss_nis-2.19.so
7f39fd76e000-7f39fd76f000 r--p 0000a000 08:05 2890450                    /lib/x86_64-linux-gnu/libnss_nis-2.19.so
7f39fd76f000-7f39fd770000 rw-p 0000b000 08:05 2890450                    /lib/x86_64-linux-gnu/libnss_nis-2.19.so
7f39fd770000-7f39fd787000 r-xp 00000000 08:05 2890436                    /lib/x86_64-linux-gnu/libnsl-2.19.so
7f39fd787000-7f39fd986000 ---p 00017000 08:05 2890436                    /lib/x86_64-linux-gnu/libnsl-2.19.so
7f39fd986000-7f39fd987000 r--p 00016000 08:05 2890436                    /lib/x86_64-linux-gnu/libnsl-2.19.so
7f39fd987000-7f39fd988000 rw-p 00017000 08:05 2890436                    /lib/x86_64-linux-gnu/libnsl-2.19.so
7f39fd988000-7f39fd98a000 rw-p 00000000 00:00 0 
7f39fd98a000-7f39fd993000 r-xp 00000000 08:05 2888715                    /lib/x86_64-linux-gnu/libnss_compat-2.19.so
7f39fd993000-7f39fdb92000 ---p 00009000 08:05 2888715                    /lib/x86_64-linux-gnu/libnss_compat-2.19.so
7f39fdb92000-7f39fdb93000 r--p 00008000 08:05 2888715                    /lib/x86_64-linux-gnu/libnss_compat-2.19.so
7f39fdb93000-7f39fdb94000 rw-p 00009000 08:05 2888715                    /lib/x86_64-linux-gnu/libnss_compat-2.19.so
7f39fdb94000-7f39fdbbf000 r-xp 00000000 08:05 4195788                    /usr/lib/jvm/java-7-openjdk-amd64/jre/lib/amd64/libjava.so
7f39fdbbf000-7f39fddbf000 ---p 0002b000 08:05 4195788                    /usr/lib/jvm/java-7-openjdk-amd64/jre/lib/amd64/libjava.so
7f39fddbf000-7f39fddc0000 r--p 0002b000 08:05 4195788                    /usr/lib/jvm/java-7-openjdk-amd64/jre/lib/amd64/libjava.so
7f39fddc0000-7f39fddc2000 rw-p 0002c000 08:05 4195788                    /usr/lib/jvm/java-7-openjdk-amd64/jre/lib/amd64/libjava.so
7f39fddc2000-7f39fddd2000 r-xp 00000000 08:05 4195815                    /usr/lib/jvm/java-7-openjdk-amd64/jre/lib/amd64/libverify.so
7f39fddd2000-7f39fdfd1000 ---p 00010000 08:05 4195815                    /usr/lib/jvm/java-7-openjdk-amd64/jre/lib/amd64/libverify.so
7f39fdfd1000-7f39fdfd3000 r--p 0000f000 08:05 4195815                    /usr/lib/jvm/java-7-openjdk-amd64/jre/lib/amd64/libverify.so
7f39fdfd3000-7f39fdfd4000 rw-p 00011000 08:05 4195815                    /usr/lib/jvm/java-7-openjdk-amd64/jre/lib/amd64/libverify.so
7f39fdfd4000-7f39fdfdb000 r-xp 00000000 08:05 2890438                    /lib/x86_64-linux-gnu/librt-2.19.so
7f39fdfdb000-7f39fe1da000 ---p 00007000 08:05 2890438                    /lib/x86_64-linux-gnu/librt-2.19.so
7f39fe1da000-7f39fe1db000 r--p 00006000 08:05 2890438                    /lib/x86_64-linux-gnu/librt-2.19.so
7f39fe1db000-7f39fe1dc000 rw-p 00007000 08:05 2890438                    /lib/x86_64-linux-gnu/librt-2.19.so
7f39fe1dc000-7f39fe1f2000 r-xp 00000000 08:05 2887592                    /lib/x86_64-linux-gnu/libgcc_s.so.1
7f39fe1f2000-7f39fe3f1000 ---p 00016000 08:05 2887592                    /lib/x86_64-linux-gnu/libgcc_s.so.1
7f39fe3f1000-7f39fe3f2000 rw-p 00015000 08:05 2887592                    /lib/x86_64-linux-gnu/libgcc_s.so.1
7f39fe3f2000-7f39fe4f7000 r-xp 00000000 08:05 2890445                    /lib/x86_64-linux-gnu/libm-2.19.so
7f39fe4f7000-7f39fe6f6000 ---p 00105000 08:05 2890445                    /lib/x86_64-linux-gnu/libm-2.19.so
7f39fe6f6000-7f39fe6f7000 r--p 00104000 08:05 2890445                    /lib/x86_64-linux-gnu/libm-2.19.so
7f39fe6f7000-7f39fe6f8000 rw-p 00105000 08:05 2890445                    /lib/x86_64-linux-gnu/libm-2.19.so
7f39fe6f8000-7f39fe7de000 r-xp 00000000 08:05 1319888                    /usr/lib/x86_64-linux-gnu/libstdc++.so.6.0.19
7f39fe7de000-7f39fe9dd000 ---p 000e6000 08:05 1319888                    /usr/lib/x86_64-linux-gnu/libstdc++.so.6.0.19
7f39fe9dd000-7f39fe9e5000 r--p 000e5000 08:05 1319888                    /usr/lib/x86_64-linux-gnu/libstdc++.so.6.0.19
7f39fe9e5000-7f39fe9e7000 rw-p 000ed000 08:05 1319888                    /usr/lib/x86_64-linux-gnu/libstdc++.so.6.0.19
7f39fe9e7000-7f39fe9fc000 rw-p 00000000 00:00 0 
7f39fe9fc000-7f39ff512000 r-xp 00000000 08:05 4195805                    /usr/lib/jvm/java-7-openjdk-amd64/jre/lib/amd64/server/libjvm.so
7f39ff512000-7f39ff711000 ---p 00b16000 08:05 4195805                    /usr/lib/jvm/java-7-openjdk-amd64/jre/lib/amd64/server/libjvm.so
7f39ff711000-7f39ff7ab000 r--p 00b15000 08:05 4195805                    /usr/lib/jvm/java-7-openjdk-amd64/jre/lib/amd64/server/libjvm.so
7f39ff7ab000-7f39ff7ce000 rw-p 00baf000 08:05 4195805                    /usr/lib/jvm/java-7-openjdk-amd64/jre/lib/amd64/server/libjvm.so
7f39ff7ce000-7f39ff7fc000 rw-p 00000000 00:00 0 
7f39ff7fc000-7f39ff814000 r-xp 00000000 08:05 2887778                    /lib/x86_64-linux-gnu/libz.so.1.2.8
7f39ff814000-7f39ffa13000 ---p 00018000 08:05 2887778                    /lib/x86_64-linux-gnu/libz.so.1.2.8
7f39ffa13000-7f39ffa14000 r--p 00017000 08:05 2887778                    /lib/x86_64-linux-gnu/libz.so.1.2.8
7f39ffa14000-7f39ffa15000 rw-p 00018000 08:05 2887778                    /lib/x86_64-linux-gnu/libz.so.1.2.8
7f39ffa15000-7f39ffa2e000 r-xp 00000000 08:05 2890455                    /lib/x86_64-linux-gnu/libpthread-2.19.so
7f39ffa2e000-7f39ffc2d000 ---p 00019000 08:05 2890455                    /lib/x86_64-linux-gnu/libpthread-2.19.so
7f39ffc2d000-7f39ffc2e000 r--p 00018000 08:05 2890455                    /lib/x86_64-linux-gnu/libpthread-2.19.so
7f39ffc2e000-7f39ffc2f000 rw-p 00019000 08:05 2890455                    /lib/x86_64-linux-gnu/libpthread-2.19.so
7f39ffc2f000-7f39ffc33000 rw-p 00000000 00:00 0 
7f39ffc33000-7f39ffc36000 r-xp 00000000 08:05 2890454                    /lib/x86_64-linux-gnu/libdl-2.19.so
7f39ffc36000-7f39ffe35000 ---p 00003000 08:05 2890454                    /lib/x86_64-linux-gnu/libdl-2.19.so
7f39ffe35000-7f39ffe36000 r--p 00002000 08:05 2890454                    /lib/x86_64-linux-gnu/libdl-2.19.so
7f39ffe36000-7f39ffe37000 rw-p 00003000 08:05 2890454                    /lib/x86_64-linux-gnu/libdl-2.19.so
7f39ffe37000-7f39ffff2000 r-xp 00000000 08:05 2890442                    /lib/x86_64-linux-gnu/libc-2.19.so
7f39ffff2000-7f3a001f2000 ---p 001bb000 08:05 2890442                    /lib/x86_64-linux-gnu/libc-2.19.so
7f3a001f2000-7f3a001f6000 r--p 001bb000 08:05 2890442                    /lib/x86_64-linux-gnu/libc-2.19.so
7f3a001f6000-7f3a001f8000 rw-p 001bf000 08:05 2890442                    /lib/x86_64-linux-gnu/libc-2.19.so
7f3a001f8000-7f3a001fd000 rw-p 00000000 00:00 0 
7f3a001fd000-7f3a0020a000 r-xp 00000000 08:05 4195819                    /usr/lib/jvm/java-7-openjdk-amd64/jre/lib/amd64/jli/libjli.so
7f3a0020a000-7f3a00409000 ---p 0000d000 08:05 4195819                    /usr/lib/jvm/java-7-openjdk-amd64/jre/lib/amd64/jli/libjli.so
7f3a00409000-7f3a0040a000 r--p 0000c000 08:05 4195819                    /usr/lib/jvm/java-7-openjdk-amd64/jre/lib/amd64/jli/libjli.so
7f3a0040a000-7f3a0040b000 rw-p 0000d000 08:05 4195819                    /usr/lib/jvm/java-7-openjdk-amd64/jre/lib/amd64/jli/libjli.so
7f3a0040b000-7f3a0042e000 r-xp 00000000 08:05 2890443                    /lib/x86_64-linux-gnu/ld-2.19.so
7f3a00439000-7f3a00459000 rw-p 00000000 00:00 0 
7f3a00459000-7f3a0050f000 rw-p 00000000 00:00 0 
7f3a0050f000-7f3a00512000 ---p 00000000 00:00 0 
7f3a00512000-7f3a00615000 rw-p 00000000 00:00 0                          [stack:28561]
7f3a0061f000-7f3a00621000 rw-p 00000000 00:00 0 
7f3a00621000-7f3a00629000 rw-s 00000000 08:05 4328767                    /tmp/hsperfdata_nikola/28558
7f3a00629000-7f3a0062a000 rw-p 00000000 00:00 0 
7f3a0062a000-7f3a0062b000 r--p 00000000 00:00 0 
7f3a0062b000-7f3a0062d000 rw-p 00000000 00:00 0 
7f3a0062d000-7f3a0062e000 r--p 00022000 08:05 2890443                    /lib/x86_64-linux-gnu/ld-2.19.so
7f3a0062e000-7f3a0062f000 rw-p 00023000 08:05 2890443                    /lib/x86_64-linux-gnu/ld-2.19.so
7f3a0062f000-7f3a00630000 rw-p 00000000 00:00 0 
7fff1436e000-7fff1438f000 rw-p 00000000 00:00 0                          [stack]
7fff143fe000-7fff14400000 r-xp 00000000 00:00 0                          [vdso]
ffffffffff600000-ffffffffff601000 r-xp 00000000 00:00 0                  [vsyscall]

VM Arguments:
jvm_args: -Dfile.encoding=UTF-8 -Xbootclasspath:/home/nikola/Android/sdk/platforms/android-21/android.jar 
java_command: Server
Launcher Type: SUN_STANDARD

Environment Variables:
PATH=/home/nikola/scripts:/home/nikola/bin:/usr/local/sbin:/usr/local/bin:/usr/sbin:/usr/bin:/sbin:/bin:/usr/games:/usr/local/games
SHELL=/bin/bash
DISPLAY=:0.0

Signal Handlers:
SIGSEGV: [libjvm.so+0x949180], sa_mask[0]=0x7ffbfeff, sa_flags=0x10000004
SIGBUS: [libjvm.so+0x949180], sa_mask[0]=0x7ffbfeff, sa_flags=0x10000004
SIGFPE: [libjvm.so+0x7c2ec0], sa_mask[0]=0x7ffbfeff, sa_flags=0x10000004
SIGPIPE: [libjvm.so+0x7c2ec0], sa_mask[0]=0x7ffbfeff, sa_flags=0x10000004
SIGXFSZ: [libjvm.so+0x7c2ec0], sa_mask[0]=0x7ffbfeff, sa_flags=0x10000004
SIGILL: [libjvm.so+0x7c2ec0], sa_mask[0]=0x7ffbfeff, sa_flags=0x10000004
SIGUSR1: SIG_DFL, sa_mask[0]=0x00000000, sa_flags=0x00000000
SIGUSR2: [libjvm.so+0x7c2d60], sa_mask[0]=0x00000004, sa_flags=0x10000004
SIGHUP: SIG_DFL, sa_mask[0]=0x00000000, sa_flags=0x00000000
SIGINT: SIG_DFL, sa_mask[0]=0x00000000, sa_flags=0x00000000
SIGTERM: SIG_DFL, sa_mask[0]=0x00000000, sa_flags=0x00000000
SIGQUIT: SIG_DFL, sa_mask[0]=0x00000000, sa_flags=0x00000000
SIGTRAP: SIG_DFL, sa_mask[0]=0x00000000, sa_flags=0x00000000


---------------  S Y S T E M  ---------------

OS:Ubuntu 14.04 (trusty)
uname:Linux 3.13.0-36-generic #63-Ubuntu SMP Wed Sep 3 21:30:07 UTC 2014 x86_64
libc:glibc 2.19 NPTL 2.19 
rlimit: STACK 8192k, CORE 0k, NPROC 29867, NOFILE 4096, AS infinity
load average:1.62 1.34 1.10

/proc/meminfo:
MemTotal:        3844624 kB
MemFree:          303100 kB
Buffers:           71040 kB
Cached:          1047976 kB
SwapCached:        10528 kB
Active:          2100936 kB
Inactive:        1194216 kB
Active(anon):    1759748 kB
Inactive(anon):   858264 kB
Active(file):     341188 kB
Inactive(file):   335952 kB
Unevictable:           0 kB
Mlocked:               0 kB
SwapTotal:       3986428 kB
SwapFree:        3902808 kB
Dirty:              2208 kB
Writeback:             0 kB
AnonPages:       2168536 kB
Mapped:           275368 kB
Shmem:            441728 kB
Slab:             148920 kB
SReclaimable:     117516 kB
SUnreclaim:        31404 kB
KernelStack:        3664 kB
PageTables:        35392 kB
NFS_Unstable:          0 kB
Bounce:                0 kB
WritebackTmp:          0 kB
CommitLimit:     5908740 kB
Committed_AS:    5743320 kB
VmallocTotal:   34359738367 kB
VmallocUsed:      545508 kB
VmallocChunk:   34359185664 kB
HardwareCorrupted:     0 kB
AnonHugePages:    937984 kB
HugePages_Total:       0
HugePages_Free:        0
HugePages_Rsvd:        0
HugePages_Surp:        0
Hugepagesize:       2048 kB
DirectMap4k:       68700 kB
DirectMap2M:     3919872 kB


CPU:total 2 (2 cores per cpu, 1 threads per core) family 6 model 37 stepping 5, cmov, cx8, fxsr, mmx, sse, sse2, sse3, ssse3, popcnt, tsc, tscinvbit

/proc/cpuinfo:
processor	: 0
vendor_id	: GenuineIntel
cpu family	: 6
model		: 37
model name	: Intel(R) Pentium(R) CPU        P6200  @ 2.13GHz
stepping	: 5
microcode	: 0x2
cpu MHz		: 2128.000
cache size	: 3072 KB
physical id	: 0
siblings	: 2
core id		: 0
cpu cores	: 2
apicid		: 0
initial apicid	: 0
fpu		: yes
fpu_exception	: yes
cpuid level	: 11
wp		: yes
flags		: fpu vme de pse tsc msr pae mce cx8 apic sep mtrr pge mca cmov pat pse36 clflush dts acpi mmx fxsr sse sse2 ss ht tm pbe syscall nx rdtscp lm constant_tsc arch_perfmon pebs bts rep_good nopl xtopology nonstop_tsc aperfmperf pni dtes64 monitor ds_cpl est tm2 ssse3 cx16 xtpr pdcm pcid popcnt lahf_lm arat dtherm
bogomips	: 4255.98
clflush size	: 64
cache_alignment	: 64
address sizes	: 36 bits physical, 48 bits virtual
power management:

processor	: 1
vendor_id	: GenuineIntel
cpu family	: 6
model		: 37
model name	: Intel(R) Pentium(R) CPU        P6200  @ 2.13GHz
stepping	: 5
microcode	: 0x2
cpu MHz		: 2128.000
cache size	: 3072 KB
physical id	: 0
siblings	: 2
core id		: 2
cpu cores	: 2
apicid		: 4
initial apicid	: 4
fpu		: yes
fpu_exception	: yes
cpuid level	: 11
wp		: yes
flags		: fpu vme de pse tsc msr pae mce cx8 apic sep mtrr pge mca cmov pat pse36 clflush dts acpi mmx fxsr sse sse2 ss ht tm pbe syscall nx rdtscp lm constant_tsc arch_perfmon pebs bts rep_good nopl xtopology nonstop_tsc aperfmperf pni dtes64 monitor ds_cpl est tm2 ssse3 cx16 xtpr pdcm pcid popcnt lahf_lm arat dtherm
bogomips	: 4255.98
clflush size	: 64
cache_alignment	: 64
address sizes	: 36 bits physical, 48 bits virtual
power management:



Memory: 4k page, physical 3844624k(303100k free), swap 3986428k(3902808k free)

vm_info: OpenJDK 64-Bit Server VM (24.65-b04) for linux-amd64 JRE (1.7.0_65-b32), built on Sep 10 2014 05:56:05 by "buildd" with gcc 4.8.2

time: Tue Mar  3 13:14:43 2015
elapsed time: 0 seconds

